<?xml version="1.0" encoding="UTF-8"?>
<!-- Generated by org.testng.reporters.JUnitReportReporter -->
<testsuite hostname="ATMECSBLRLT-138" failures="0" tests="1" name="testng.basics.TestNGDependencies" time="0.009" errors="0" timestamp="2023-05-03T19:08:49 IST" skipped="0">
  <testcase classname="testng.basics.TestNGDependencies" name="fourthTest" time="0.009"/>
  <system-out/>
</testsuite> <!-- testng.basics.TestNGDependencies -->
